d:\cocosmemorycard\proj.win32\debug.win32\appdelegate.obj
d:\cocosmemorycard\proj.win32\debug.win32\energy.obj
d:\cocosmemorycard\proj.win32\debug.win32\memorycardscene.obj
d:\cocosmemorycard\proj.win32\debug.win32\scoretext.obj
d:\cocosmemorycard\proj.win32\debug.win32\card.obj
d:\cocosmemorycard\proj.win32\debug.win32\helloworldscene.obj
d:\cocosmemorycard\proj.win32\debug.win32\scorestrategy.obj
d:\cocosmemorycard\proj.win32\debug.win32\cardfactory.obj
d:\cocosmemorycard\proj.win32\debug.win32\memorycardlevel.obj
d:\cocosmemorycard\proj.win32\debug.win32\scenemediator.obj
d:\cocosmemorycard\proj.win32\debug.win32\main.obj
d:\cocosmemorycard\proj.win32\debug.win32\background.obj
d:\cocosmemorycard\proj.win32\debug.win32\chartsscene.obj
d:\cocosmemorycard\proj.win32\debug.win32\pausebox.obj
d:\cocosmemorycard\proj.win32\debug.win32\startscene.obj
d:\cocosmemorycard\proj.win32\debug.win32\vc120.pdb
d:\cocosmemorycard\proj.win32\debug.win32\vc120.idb
d:\cocosmemorycard\proj.win32\debug.win32\cocosmemorycard.lib
d:\cocosmemorycard\proj.win32\debug.win32\cocosmemorycard.exp
d:\cocosmemorycard\proj.win32\debug.win32\cocosmemorycard.ilk
d:\cocosmemorycard\proj.win32\debug.win32\cocosmemorycard.exe
d:\cocosmemorycard\proj.win32\debug.win32\cocosmemorycard.pdb
d:\cocosmemorycard\proj.win32\debug.win32\game.res
d:\cocosmemorycard\proj.win32\debug.win32\cocosmemorycard.tlog\cl.command.1.tlog
d:\cocosmemorycard\proj.win32\debug.win32\cocosmemorycard.tlog\cl.read.1.tlog
d:\cocosmemorycard\proj.win32\debug.win32\cocosmemorycard.tlog\cl.write.1.tlog
d:\cocosmemorycard\proj.win32\debug.win32\cocosmemorycard.tlog\cocosmemorycard.write.1u.tlog
d:\cocosmemorycard\proj.win32\debug.win32\cocosmemorycard.tlog\link.command.1.tlog
d:\cocosmemorycard\proj.win32\debug.win32\cocosmemorycard.tlog\link.read.1.tlog
d:\cocosmemorycard\proj.win32\debug.win32\cocosmemorycard.tlog\link.write.1.tlog
d:\cocosmemorycard\proj.win32\debug.win32\cocosmemorycard.tlog\rc.command.1.tlog
d:\cocosmemorycard\proj.win32\debug.win32\cocosmemorycard.tlog\rc.read.1.tlog
d:\cocosmemorycard\proj.win32\debug.win32\cocosmemorycard.tlog\rc.write.1.tlog
